#
# A fatal error has been detected by the Java Runtime Environment:
#
#  EXCEPTION_ACCESS_VIOLATION (0xc0000005) at pc=0x00007fffb6997631, pid=22664, tid=31564
#
# JRE version: OpenJDK Runtime Environment JBR-21.0.9+1-1038.76-jcef (21.0.9+1) (build 21.0.9+1-b1038.76)
# Java VM: OpenJDK 64-Bit Server VM JBR-21.0.9+1-1038.76-jcef (21.0.9+1-b1038.76, mixed mode, sharing, tiered, compressed oops, compressed class ptrs, g1 gc, windows-amd64)
# Problematic frame:
# V  [jvm.dll+0x887631]
#
# No core dump will be written. Minidumps are not enabled by default on client versions of Windows
#
# If you would like to submit a bug report, please visit:
#   https://youtrack.jetbrains.com/issues/JBR
#

---------------  S U M M A R Y ------------

Command Line: -Djava.rmi.server.hostname=127.0.0.1 -Duser.timezone=UTC -Xmx2048m -Xms128m -Djdbc.classpath=C:\Users\Lenovo\AppData\Local\Temp\RemoteDriver.classpath.txt --add-exports=java.desktop/sun.awt=ALL-UNNAMED --add-exports=java.desktop/java.awt.peer=ALL-UNNAMED --add-opens=java.desktop/java.awt=ALL-UNNAMED --add-opens=jdk.unsupported/sun.misc=ALL-UNNAMED --add-opens=java.base/java.nio=ALL-UNNAMED --add-opens=java.base/java.util=ALL-UNNAMED -Dfile.encoding=UTF-8 -Dsun.stdout.encoding=UTF-8 -Dsun.stderr.encoding=UTF-8 com.intellij.database.remote.RemoteJdbcServer org.postgresql.Driver

Host: Intel(R) Core(TM) i9-14900HX, 32 cores, 31G,  Windows 11 , 64 bit Build 26100 (10.0.26100.7019)
Time: Wed Dec  3 19:58:56 2025 elapsed time: 3.582183 seconds (0d 0h 0m 3s)

---------------  T H R E A D  ---------------

Current thread (0x000001f116de4fe0):  JavaThread "C2 CompilerThread1" daemon [_thread_in_native, id=31564, stack(0x000000cae9700000,0x000000cae9800000) (1024K)]


Current CompileTask:
C2:3582 1728       4       java.util.HashMap::put (13 bytes)

Stack: [0x000000cae9700000,0x000000cae9800000],  sp=0x000000cae97fc2a0,  free space=1008k
Native frames: (J=compiled Java code, j=interpreted, Vv=VM code, C=native code)
V  [jvm.dll+0x887631]


siginfo: EXCEPTION_ACCESS_VIOLATION (0xc0000005), writing address 0x000000001898c8f8


Registers:
RAX=0x00007fffb6be6258, RBX=0x000001f11684b060, RCX=0x00007fffb6383c37, RDX=0x0000000000000000
RSP=0x000000cae97fc2a0, RBP=0x000000000000072c, RSI=0x000000001898c8d3, RDI=0x000001f116bcf848
R8 =0x000001f11684b130, R9 =0x000001f116ea48f0, R10=0x00000000000008d3, R11=0x0000000000000fff
R12=0x0000000000000666, R13=0x0000000000000667, R14=0x000001f116bcff18, R15=0x000001f116bcf848
RIP=0x00007fffb6997631, EFLAGS=0x0000000000010206

XMM[0]=0x0000000000000000 0x0000000000000000
XMM[1]=0x0000000000000000 0x0000000000000000
XMM[2]=0x000001f116bc2f20 0x000001f116bc39d0
XMM[3]=0x000001f116bc56b8 0x000001f116bc5b50
XMM[4]=0x000001f11689b038 0x000001f116bc0218
XMM[5]=0x000001f116bc2668 0x000001f116bc30c8
XMM[6]=0x0000000000000000 0x0000000000000000
XMM[7]=0x0000000000000000 0x0000000000000000
XMM[8]=0x0000000000000000 0x0000000000000000
XMM[9]=0x0000000000000000 0x0000000000000000
XMM[10]=0x0000000000000000 0x0000000000000000
XMM[11]=0x0000000000000000 0x0000000000000000
XMM[12]=0x0000000000000000 0x0000000000000000
XMM[13]=0x0000000000000000 0x0000000000000000
XMM[14]=0x0000000000000000 0x0000000000000000
XMM[15]=0x0000000000000000 0x0000000000000000
  MXCSR=0x00001fa0


Register to memory mapping:

RAX=0x00007fffb6be6258 jvm.dll
RBX=0x000001f11684b060 points into unknown readable memory: 0x00007fffb6b45680 | 80 56 b4 b6 ff 7f 00 00
RCX=0x00007fffb6383c37 jvm.dll
RDX=0x0 is null
RSP=0x000000cae97fc2a0 is pointing into the stack for thread: 0x000001f116de4fe0
RBP=0x000000000000072c is an unknown value
RSI=0x000000001898c8d3 is an unknown value
RDI=0x000001f116bcf848 points into unknown readable memory: 0x000000cae97fe6d0 | d0 e6 7f e9 ca 00 00 00
R8 =0x000001f11684b130 points into unknown readable memory: 0x00007fffb6aa33d8 | d8 33 aa b6 ff 7f 00 00
R9 =0x000001f116ea48f0 points into unknown readable memory: 0x000001f11680bca8 | a8 bc 80 16 f1 01 00 00
R10=0x00000000000008d3 is an unknown value
R11=0x0000000000000fff is an unknown value
R12=0x0000000000000666 is an unknown value
R13=0x0000000000000667 is an unknown value
R14=0x000001f116bcff18 points into unknown readable memory: 0x000001f15d43d3c8 | c8 d3 43 5d f1 01 00 00
R15=0x000001f116bcf848 points into unknown readable memory: 0x000000cae97fe6d0 | d0 e6 7f e9 ca 00 00 00

Top of Stack: (sp=0x000000cae97fc2a0)
0x000000cae97fc2a0:   000001f11680fd70 000000009836a8b6
0x000000cae97fc2b0:   000000005d40c890 000001f116bcf848
0x000000cae97fc2c0:   000001f116bc2620 00007fffb682303b
0x000000cae97fc2d0:   000001f11666f1b0 000000001689a08d
0x000000cae97fc2e0:   000000000000019b 00007fffb67d68e6
0x000000cae97fc2f0:   0000000000000000 00007fffb68237b8
0x000000cae97fc300:   000000000000007e 000000000000019b
0x000000cae97fc310:   0000000000000002 000001f15d40e8b0
0x000000cae97fc320:   000001f179c44bf0 0000000000000000
0x000000cae97fc330:   000001f15d40e8b0 000001f15d40dc50
0x000000cae97fc340:   0000000000000268 00007fffb6825a30
0x000000cae97fc350:   000001f15d40e8b0 000000000000007e
0x000000cae97fc360:   000000000000004d 000000cae97fc500
0x000000cae97fc370:   000000cae97fc500 00007fffb6823d93
0x000000cae97fc380:   000000cae97fe5a0 000001f15d40e8b0
0x000000cae97fc390:   000000cae97fce70 0000000000000000
0x000000cae97fc3a0:   0000000000000070 00007fffb6b45928
0x000000cae97fc3b0:   0000000000000000 00007fffb6363bc9
0x000000cae97fc3c0:   00007fffb6b458e8 0000000000000000
0x000000cae97fc3d0:   000000cae97fe5a0 000000cae97fc4c0
0x000000cae97fc3e0:   000001f116884100 0000000000000000
0x000000cae97fc3f0:   000001f116800000 0000000000000000
0x000000cae97fc400:   000001f116805e50 00007fffb6820300
0x000000cae97fc410:   000000cae97fdae0 00007fffb6b45928
0x000000cae97fc420:   0000000000000000 0000000000000000
0x000000cae97fc430:   0000000000000000 00007fffb6b45928
0x000000cae97fc440:   000001f1163c5f00 000000cae97fdae0
0x000000cae97fc450:   000001f116881ec0 000001f116882768
0x000000cae97fc460:   0000000000000000 00007fffb680e5d9
0x000000cae97fc470:   0000000000000000 000001f1164caec0
0x000000cae97fc480:   000001f116bc7530 000001f116bc8ca0
0x000000cae97fc490:   000001f116bcf518 0000000000010388 

Instructions: (pc=0x00007fffb6997631)
0x00007fffb6997531:   89 5c 24 08 48 89 6c 24 10 48 89 74 24 18 48 89
0x00007fffb6997541:   7c 24 20 41 56 48 83 ec 20 48 8b 01 48 8b f9 ff
0x00007fffb6997551:   90 e8 00 00 00 48 8b c8 e8 42 d6 78 ff 48 8b 4f
0x00007fffb6997561:   30 33 f6 44 6b f0 1f 48 85 c9 74 09 e8 0e ad 97
0x00007fffb6997571:   ff 8b e8 eb 02 8b ee 48 8b 4f 18 48 85 c9 74 08
0x00007fffb6997581:   48 8b 01 ff 50 50 8b f0 0f b6 5f 48 03 5f 4c 03
0x00007fffb6997591:   5f 28 03 5f 24 03 5f 20 48 8b 4f 40 03 dd 03 de
0x00007fffb69975a1:   48 8b 01 ff 50 50 48 8b 6c 24 38 41 03 c6 48 8b
0x00007fffb69975b1:   74 24 40 03 c3 48 8b 5c 24 30 48 8b 7c 24 48 48
0x00007fffb69975c1:   83 c4 20 41 5e c3 cc cc cc cc cc cc cc cc cc 0f
0x00007fffb69975d1:   bf 51 18 8b 41 20 03 51 24 83 c0 03 03 c2 c3 48
0x00007fffb69975e1:   89 5c 24 08 57 48 83 ec 20 48 8b f9 48 8b 49 18
0x00007fffb69975f1:   48 85 c9 75 04 33 c0 eb 06 48 8b 01 ff 50 50 8b
0x00007fffb6997601:   5f 28 03 5f 24 48 8b 4f 38 03 5f 20 03 d8 48 8b
0x00007fffb6997611:   01 ff 50 50 03 c3 48 8b 5c 24 30 48 83 c4 20 5f
0x00007fffb6997621:   c3 cc cc cc cc cc cc cc cc cc cc cc cc cc cc 0f
0x00007fffb6997631:   bf 51 18 8b 41 20 03 51 28 83 c0 04 03 c2 c3 48
0x00007fffb6997641:   89 5c 24 08 48 89 74 24 10 57 48 83 ec 20 48 8b
0x00007fffb6997651:   d9 33 ff 48 8b 49 30 48 85 c9 74 0a e8 3e d5 78
0x00007fffb6997661:   ff 6b f0 1f eb 02 8b f7 48 8b 4b 18 48 85 c9 74
0x00007fffb6997671:   08 48 8b 01 ff 50 50 8b f8 8b 43 28 03 43 24 03
0x00007fffb6997681:   43 20 48 8b 5c 24 30 03 c6 48 8b 74 24 38 03 c7
0x00007fffb6997691:   48 83 c4 20 5f c3 cc cc cc cc cc cc cc cc cc 48
0x00007fffb69976a1:   83 ec 28 48 8b 49 18 48 8b 01 ff 50 50 83 c0 07
0x00007fffb69976b1:   48 83 c4 28 c3 cc cc cc cc cc cc cc cc cc cc 48
0x00007fffb69976c1:   89 5c 24 08 48 89 74 24 10 57 48 83 ec 20 48 8b
0x00007fffb69976d1:   d9 33 ff 48 8b 49 30 48 85 c9 74 09 e8 9e ab 97
0x00007fffb69976e1:   ff 8b f0 eb 02 8b f7 48 8b 4b 18 48 85 c9 74 08
0x00007fffb69976f1:   48 8b 01 ff 50 50 8b f8 0f b6 43 48 03 43 4c 03
0x00007fffb6997701:   43 28 03 43 24 03 43 20 48 8b 5c 24 30 03 c6 48
0x00007fffb6997711:   8b 74 24 38 03 c7 48 83 c4 20 5f c3 cc cc cc 40
0x00007fffb6997721:   53 48 83 ec 20 48 8b d9 48 8b 49 18 48 85 c9 75 


Stack slot to memory mapping:

stack at sp + 0 slots: 0x000001f11680fd70 points into unknown readable memory: 0x00007fffb6b17b20 | 20 7b b1 b6 ff 7f 00 00
stack at sp + 1 slots: 0x000000009836a8b6 is an unallocated location in the heap
stack at sp + 2 slots: 0x000000005d40c890 is an unknown value
stack at sp + 3 slots: 0x000001f116bcf848 points into unknown readable memory: 0x000000cae97fe6d0 | d0 e6 7f e9 ca 00 00 00
stack at sp + 4 slots: 0x000001f116bc2620 points into unknown readable memory: 0x00007fffb6b44c88 | 88 4c b4 b6 ff 7f 00 00
stack at sp + 5 slots: 0x00007fffb682303b jvm.dll
stack at sp + 6 slots: 0x000001f11666f1b0 points into unknown readable memory: 0x00007fffb6b171e0 | e0 71 b1 b6 ff 7f 00 00
stack at sp + 7 slots: 0x000000001689a08d is an unknown value


---------------  P R O C E S S  ---------------

Threads class SMR info:
_java_thread_list=0x000001f116c65cf0, length=24, elements={
0x000001f179c2f6f0, 0x000001f11630da70, 0x000001f116312d90, 0x000001f116316910,
0x000001f1163205f0, 0x000001f116323060, 0x000001f116325d50, 0x000001f1163267b0,
0x000001f116337550, 0x000001f116337ff0, 0x000001f116406090, 0x000001f116501fa0,
0x000001f116847cf0, 0x000001f116b53ee0, 0x000001f1167840d0, 0x000001f116784740,
0x000001f116843210, 0x000001f116843880, 0x000001f116a97640, 0x000001f116a97cb0,
0x000001f116d6e080, 0x000001f116d6f430, 0x000001f116de4fe0, 0x000001f116d593f0
}

Java Threads: ( => current thread )
  0x000001f179c2f6f0 JavaThread "main"                              [_thread_blocked, id=10428, stack(0x000000cae8400000,0x000000cae8500000) (1024K)]
  0x000001f11630da70 JavaThread "Common-Cleaner"             daemon [_thread_blocked, id=8512, stack(0x000000cae8c00000,0x000000cae8d00000) (1024K)]
  0x000001f116312d90 JavaThread "Reference Handler"          daemon [_thread_blocked, id=4540, stack(0x000000cae8d00000,0x000000cae8e00000) (1024K)]
  0x000001f116316910 JavaThread "Finalizer"                  daemon [_thread_blocked, id=31684, stack(0x000000cae8e00000,0x000000cae8f00000) (1024K)]
  0x000001f1163205f0 JavaThread "Signal Dispatcher"          daemon [_thread_blocked, id=4084, stack(0x000000cae8f00000,0x000000cae9000000) (1024K)]
  0x000001f116323060 JavaThread "Attach Listener"            daemon [_thread_blocked, id=21344, stack(0x000000cae9000000,0x000000cae9100000) (1024K)]
  0x000001f116325d50 JavaThread "Service Thread"             daemon [_thread_blocked, id=22036, stack(0x000000cae9100000,0x000000cae9200000) (1024K)]
  0x000001f1163267b0 JavaThread "Monitor Deflation Thread"   daemon [_thread_blocked, id=24184, stack(0x000000cae9200000,0x000000cae9300000) (1024K)]
  0x000001f116337550 JavaThread "C2 CompilerThread0"         daemon [_thread_blocked, id=15384, stack(0x000000cae9300000,0x000000cae9400000) (1024K)]
  0x000001f116337ff0 JavaThread "C1 CompilerThread0"         daemon [_thread_blocked, id=6648, stack(0x000000cae9400000,0x000000cae9500000) (1024K)]
  0x000001f116406090 JavaThread "C1 CompilerThread1"         daemon [_thread_blocked, id=11352, stack(0x000000cae9500000,0x000000cae9600000) (1024K)]
  0x000001f116501fa0 JavaThread "Notification Thread"        daemon [_thread_blocked, id=25188, stack(0x000000cae9600000,0x000000cae9700000) (1024K)]
  0x000001f116847cf0 JavaThread "RMI TCP Accept-60676"       daemon [_thread_in_native, id=17140, stack(0x000000cae9c00000,0x000000cae9d00000) (1024K)]
  0x000001f116b53ee0 JavaThread "RMI TCP Accept-0"           daemon [_thread_in_native, id=7092, stack(0x000000cae9d00000,0x000000cae9e00000) (1024K)]
  0x000001f1167840d0 JavaThread "RMI Reaper"                        [_thread_blocked, id=2228, stack(0x000000cae9e00000,0x000000cae9f00000) (1024K)]
  0x000001f116784740 JavaThread "RMI GC Daemon"              daemon [_thread_blocked, id=16664, stack(0x000000cae9f00000,0x000000caea000000) (1024K)]
  0x000001f116843210 JavaThread "RMI TCP Connection(1)-127.0.0.1" daemon [_thread_in_native, id=25996, stack(0x000000caea000000,0x000000caea100000) (1024K)]
  0x000001f116843880 JavaThread "RMI TCP Connection(2)-127.0.0.1" daemon [_thread_in_native, id=9800, stack(0x000000caea100000,0x000000caea200000) (1024K)]
  0x000001f116a97640 JavaThread "RMI Scheduler(0)"           daemon [_thread_blocked, id=22352, stack(0x000000caea200000,0x000000caea300000) (1024K)]
  0x000001f116a97cb0 JavaThread "RMI TCP Connection(3)-127.0.0.1" daemon [_thread_in_native, id=15104, stack(0x000000caea300000,0x000000caea400000) (1024K)]
  0x000001f116d6e080 JavaThread "RMI TCP Connection(4)-127.0.0.1" daemon [_thread_in_native, id=3172, stack(0x000000caea400000,0x000000caea500000) (1024K)]
  0x000001f116d6f430 JavaThread "RMI RenewClean-[127.0.0.1:54654]" daemon [_thread_blocked, id=15224, stack(0x000000caea500000,0x000000caea600000) (1024K)]
=>0x000001f116de4fe0 JavaThread "C2 CompilerThread1"         daemon [_thread_in_native, id=31564, stack(0x000000cae9700000,0x000000cae9800000) (1024K)]
  0x000001f116d593f0 JavaThread "C2 CompilerThread2"         daemon [_thread_blocked, id=21080, stack(0x000000cae9800000,0x000000cae9900000) (1024K)]
Total: 24

Other Threads:
  0x000001f11582eb20 VMThread "VM Thread"                           [id=25972, stack(0x000000cae8b00000,0x000000cae8c00000) (1024K)]
  0x000001f115821a90 WatcherThread "VM Periodic Task Thread"        [id=23460, stack(0x000000cae8a00000,0x000000cae8b00000) (1024K)]
  0x000001f179c894e0 WorkerThread "GC Thread#0"                     [id=22592, stack(0x000000cae8500000,0x000000cae8600000) (1024K)]
  0x000001f116cc0c20 WorkerThread "GC Thread#1"                     [id=8, stack(0x000000caea600000,0x000000caea700000) (1024K)]
  0x000001f116cacdf0 WorkerThread "GC Thread#2"                     [id=13624, stack(0x000000caea700000,0x000000caea800000) (1024K)]
  0x000001f116c9ff10 WorkerThread "GC Thread#3"                     [id=16188, stack(0x000000caea800000,0x000000caea900000) (1024K)]
  0x000001f116d00bb0 WorkerThread "GC Thread#4"                     [id=18424, stack(0x000000caea900000,0x000000caeaa00000) (1024K)]
  0x000001f116d01360 WorkerThread "GC Thread#5"                     [id=8240, stack(0x000000caeaa00000,0x000000caeab00000) (1024K)]
  0x000001f116d01700 WorkerThread "GC Thread#6"                     [id=3976, stack(0x000000caeab00000,0x000000caeac00000) (1024K)]
  0x000001f116d01aa0 WorkerThread "GC Thread#7"                     [id=22764, stack(0x000000caeac00000,0x000000caead00000) (1024K)]
  0x000001f116d01e40 WorkerThread "GC Thread#8"                     [id=13988, stack(0x000000caead00000,0x000000caeae00000) (1024K)]
  0x000001f116d021e0 WorkerThread "GC Thread#9"                     [id=17704, stack(0x000000caeae00000,0x000000caeaf00000) (1024K)]
  0x000001f116d03450 WorkerThread "GC Thread#10"                    [id=22968, stack(0x000000caeaf00000,0x000000caeb000000) (1024K)]
  0x000001f116d03b90 WorkerThread "GC Thread#11"                    [id=25544, stack(0x000000caeb000000,0x000000caeb100000) (1024K)]
  0x000001f179c9a580 ConcurrentGCThread "G1 Main Marker"            [id=10336, stack(0x000000cae8600000,0x000000cae8700000) (1024K)]
  0x000001f179c9b080 WorkerThread "G1 Conc#0"                       [id=7348, stack(0x000000cae8700000,0x000000cae8800000) (1024K)]
  0x000001f1156e70f0 ConcurrentGCThread "G1 Refine#0"               [id=13652, stack(0x000000cae8800000,0x000000cae8900000) (1024K)]
  0x000001f1156e7c60 ConcurrentGCThread "G1 Service"                [id=6028, stack(0x000000cae8900000,0x000000cae8a00000) (1024K)]
Total: 18

Threads with active compile tasks:
C2 CompilerThread1  3608 1728       4       java.util.HashMap::put (13 bytes)
Total: 1

VM state: not at safepoint (normal execution)

VM Mutex/Monitor currently owned by a thread: None

Heap address: 0x0000000080000000, size: 2048 MB, Compressed Oops mode: 32-bit

CDS archive(s) mapped at: [0x000001f117000000-0x000001f118c20000-0x000001f118c20000), size 29491200, SharedBaseAddress: 0x000001f117000000, ArchiveRelocationMode: 1.
Compressed class space mapped at: 0x000001f119000000-0x000001f159000000, reserved size: 1073741824
Narrow klass base: 0x000001f117000000, Narrow klass shift: 0, Narrow klass range: 0x100000000

GC Precious Log:
 CardTable entry size: 512
 Card Set container configuration: InlinePtr #cards 5 size 8 Array Of Cards #cards 12 size 40 Howl #buckets 4 coarsen threshold 1843 Howl Bitmap #cards 512 size 80 coarsen threshold 460 Card regions per heap region 1 cards per card region 2048
 CPUs: 32 total, 32 available
 Memory: 32559M
 Large Page Support: Disabled
 NUMA Support: Disabled
 Compressed Oops: Enabled (32-bit)
 Heap Region Size: 1M
 Heap Min Capacity: 128M
 Heap Initial Capacity: 128M
 Heap Max Capacity: 2G
 Pre-touch: Disabled
 Parallel Workers: 23
 Concurrent Workers: 6
 Concurrent Refinement Workers: 23
 Periodic GC: Disabled

Heap:
 garbage-first heap   total 131072K, used 17406K [0x0000000080000000, 0x0000000100000000)
  region size 1024K, 12 young (12288K), 3 survivors (3072K)
 Metaspace       used 7017K, committed 7424K, reserved 1114112K
  class space    used 916K, committed 1088K, reserved 1048576K

Heap Regions: E=young(eden), S=young(survivor), O=old, HS=humongous(starts), HC=humongous(continues), CS=collection set, F=free, TAMS=top-at-mark-start, PB=parsable bottom
|   0|0x0000000080000000, 0x0000000080100000, 0x0000000080100000|100%|HS|  |TAMS 0x0000000080000000| PB 0x0000000080000000| Complete 
|   1|0x0000000080100000, 0x0000000080200000, 0x0000000080200000|100%|HC|  |TAMS 0x0000000080100000| PB 0x0000000080100000| Complete 
|   2|0x0000000080200000, 0x0000000080300000, 0x0000000080300000|100%|HS|  |TAMS 0x0000000080200000| PB 0x0000000080200000| Complete 
|   3|0x0000000080300000, 0x0000000080400000, 0x0000000080400000|100%|HS|  |TAMS 0x0000000080300000| PB 0x0000000080300000| Complete 
|   4|0x0000000080400000, 0x0000000080500000, 0x0000000080500000|100%| O|  |TAMS 0x0000000080400000| PB 0x0000000080400000| Untracked 
|   5|0x0000000080500000, 0x00000000805ff810, 0x0000000080600000| 99%| O|  |TAMS 0x0000000080500000| PB 0x0000000080500000| Untracked 
|   6|0x0000000080600000, 0x0000000080600000, 0x0000000080700000|  0%| F|  |TAMS 0x0000000080600000| PB 0x0000000080600000| Untracked 
|   7|0x0000000080700000, 0x0000000080700000, 0x0000000080800000|  0%| F|  |TAMS 0x0000000080700000| PB 0x0000000080700000| Untracked 
|   8|0x0000000080800000, 0x0000000080800000, 0x0000000080900000|  0%| F|  |TAMS 0x0000000080800000| PB 0x0000000080800000| Untracked 
|   9|0x0000000080900000, 0x0000000080900000, 0x0000000080a00000|  0%| F|  |TAMS 0x0000000080900000| PB 0x0000000080900000| Untracked 
|  10|0x0000000080a00000, 0x0000000080a00000, 0x0000000080b00000|  0%| F|  |TAMS 0x0000000080a00000| PB 0x0000000080a00000| Untracked 
|  11|0x0000000080b00000, 0x0000000080b00000, 0x0000000080c00000|  0%| F|  |TAMS 0x0000000080b00000| PB 0x0000000080b00000| Untracked 
|  12|0x0000000080c00000, 0x0000000080c00000, 0x0000000080d00000|  0%| F|  |TAMS 0x0000000080c00000| PB 0x0000000080c00000| Untracked 
|  13|0x0000000080d00000, 0x0000000080d00000, 0x0000000080e00000|  0%| F|  |TAMS 0x0000000080d00000| PB 0x0000000080d00000| Untracked 
|  14|0x0000000080e00000, 0x0000000080e00000, 0x0000000080f00000|  0%| F|  |TAMS 0x0000000080e00000| PB 0x0000000080e00000| Untracked 
|  15|0x0000000080f00000, 0x0000000080f00000, 0x0000000081000000|  0%| F|  |TAMS 0x0000000080f00000| PB 0x0000000080f00000| Untracked 
|  16|0x0000000081000000, 0x0000000081000000, 0x0000000081100000|  0%| F|  |TAMS 0x0000000081000000| PB 0x0000000081000000| Untracked 
|  17|0x0000000081100000, 0x0000000081100000, 0x0000000081200000|  0%| F|  |TAMS 0x0000000081100000| PB 0x0000000081100000| Untracked 
|  18|0x0000000081200000, 0x0000000081200000, 0x0000000081300000|  0%| F|  |TAMS 0x0000000081200000| PB 0x0000000081200000| Untracked 
|  19|0x0000000081300000, 0x0000000081300000, 0x0000000081400000|  0%| F|  |TAMS 0x0000000081300000| PB 0x0000000081300000| Untracked 
|  20|0x0000000081400000, 0x0000000081400000, 0x0000000081500000|  0%| F|  |TAMS 0x0000000081400000| PB 0x0000000081400000| Untracked 
|  21|0x0000000081500000, 0x0000000081500000, 0x0000000081600000|  0%| F|  |TAMS 0x0000000081500000| PB 0x0000000081500000| Untracked 
|  22|0x0000000081600000, 0x0000000081600000, 0x0000000081700000|  0%| F|  |TAMS 0x0000000081600000| PB 0x0000000081600000| Untracked 
|  23|0x0000000081700000, 0x0000000081700000, 0x0000000081800000|  0%| F|  |TAMS 0x0000000081700000| PB 0x0000000081700000| Untracked 
|  24|0x0000000081800000, 0x0000000081800000, 0x0000000081900000|  0%| F|  |TAMS 0x0000000081800000| PB 0x0000000081800000| Untracked 
|  25|0x0000000081900000, 0x0000000081900000, 0x0000000081a00000|  0%| F|  |TAMS 0x0000000081900000| PB 0x0000000081900000| Untracked 
|  26|0x0000000081a00000, 0x0000000081a00000, 0x0000000081b00000|  0%| F|  |TAMS 0x0000000081a00000| PB 0x0000000081a00000| Untracked 
|  27|0x0000000081b00000, 0x0000000081b00000, 0x0000000081c00000|  0%| F|  |TAMS 0x0000000081b00000| PB 0x0000000081b00000| Untracked 
|  28|0x0000000081c00000, 0x0000000081c00000, 0x0000000081d00000|  0%| F|  |TAMS 0x0000000081c00000| PB 0x0000000081c00000| Untracked 
|  29|0x0000000081d00000, 0x0000000081d00000, 0x0000000081e00000|  0%| F|  |TAMS 0x0000000081d00000| PB 0x0000000081d00000| Untracked 
|  30|0x0000000081e00000, 0x0000000081e00000, 0x0000000081f00000|  0%| F|  |TAMS 0x0000000081e00000| PB 0x0000000081e00000| Untracked 
|  31|0x0000000081f00000, 0x0000000081f00000, 0x0000000082000000|  0%| F|  |TAMS 0x0000000081f00000| PB 0x0000000081f00000| Untracked 
|  32|0x0000000082000000, 0x0000000082000000, 0x0000000082100000|  0%| F|  |TAMS 0x0000000082000000| PB 0x0000000082000000| Untracked 
|  33|0x0000000082100000, 0x0000000082100000, 0x0000000082200000|  0%| F|  |TAMS 0x0000000082100000| PB 0x0000000082100000| Untracked 
|  34|0x0000000082200000, 0x0000000082200000, 0x0000000082300000|  0%| F|  |TAMS 0x0000000082200000| PB 0x0000000082200000| Untracked 
|  35|0x0000000082300000, 0x0000000082300000, 0x0000000082400000|  0%| F|  |TAMS 0x0000000082300000| PB 0x0000000082300000| Untracked 
|  36|0x0000000082400000, 0x0000000082400000, 0x0000000082500000|  0%| F|  |TAMS 0x0000000082400000| PB 0x0000000082400000| Untracked 
|  37|0x0000000082500000, 0x0000000082500000, 0x0000000082600000|  0%| F|  |TAMS 0x0000000082500000| PB 0x0000000082500000| Untracked 
|  38|0x0000000082600000, 0x0000000082600000, 0x0000000082700000|  0%| F|  |TAMS 0x0000000082600000| PB 0x0000000082600000| Untracked 
|  39|0x0000000082700000, 0x0000000082700000, 0x0000000082800000|  0%| F|  |TAMS 0x0000000082700000| PB 0x0000000082700000| Untracked 
|  40|0x0000000082800000, 0x0000000082800000, 0x0000000082900000|  0%| F|  |TAMS 0x0000000082800000| PB 0x0000000082800000| Untracked 
|  41|0x0000000082900000, 0x0000000082900000, 0x0000000082a00000|  0%| F|  |TAMS 0x0000000082900000| PB 0x0000000082900000| Untracked 
|  42|0x0000000082a00000, 0x0000000082a00000, 0x0000000082b00000|  0%| F|  |TAMS 0x0000000082a00000| PB 0x0000000082a00000| Untracked 
|  43|0x0000000082b00000, 0x0000000082b00000, 0x0000000082c00000|  0%| F|  |TAMS 0x0000000082b00000| PB 0x0000000082b00000| Untracked 
|  44|0x0000000082c00000, 0x0000000082c00000, 0x0000000082d00000|  0%| F|  |TAMS 0x0000000082c00000| PB 0x0000000082c00000| Untracked 
|  45|0x0000000082d00000, 0x0000000082d00000, 0x0000000082e00000|  0%| F|  |TAMS 0x0000000082d00000| PB 0x0000000082d00000| Untracked 
|  46|0x0000000082e00000, 0x0000000082e00000, 0x0000000082f00000|  0%| F|  |TAMS 0x0000000082e00000| PB 0x0000000082e00000| Untracked 
|  47|0x0000000082f00000, 0x0000000082f00000, 0x0000000083000000|  0%| F|  |TAMS 0x0000000082f00000| PB 0x0000000082f00000| Untracked 
|  48|0x0000000083000000, 0x0000000083000000, 0x0000000083100000|  0%| F|  |TAMS 0x0000000083000000| PB 0x0000000083000000| Untracked 
|  49|0x0000000083100000, 0x0000000083100000, 0x0000000083200000|  0%| F|  |TAMS 0x0000000083100000| PB 0x0000000083100000| Untracked 
|  50|0x0000000083200000, 0x0000000083200000, 0x0000000083300000|  0%| F|  |TAMS 0x0000000083200000| PB 0x0000000083200000| Untracked 
|  51|0x0000000083300000, 0x0000000083300000, 0x0000000083400000|  0%| F|  |TAMS 0x0000000083300000| PB 0x0000000083300000| Untracked 
|  52|0x0000000083400000, 0x0000000083400000, 0x0000000083500000|  0%| F|  |TAMS 0x0000000083400000| PB 0x0000000083400000| Untracked 
|  53|0x0000000083500000, 0x0000000083500000, 0x0000000083600000|  0%| F|  |TAMS 0x0000000083500000| PB 0x0000000083500000| Untracked 
|  54|0x0000000083600000, 0x0000000083600000, 0x0000000083700000|  0%| F|  |TAMS 0x0000000083600000| PB 0x0000000083600000| Untracked 
|  55|0x0000000083700000, 0x0000000083700000, 0x0000000083800000|  0%| F|  |TAMS 0x0000000083700000| PB 0x0000000083700000| Untracked 
|  56|0x0000000083800000, 0x0000000083800000, 0x0000000083900000|  0%| F|  |TAMS 0x0000000083800000| PB 0x0000000083800000| Untracked 
|  57|0x0000000083900000, 0x0000000083900000, 0x0000000083a00000|  0%| F|  |TAMS 0x0000000083900000| PB 0x0000000083900000| Untracked 
|  58|0x0000000083a00000, 0x0000000083a00000, 0x0000000083b00000|  0%| F|  |TAMS 0x0000000083a00000| PB 0x0000000083a00000| Untracked 
|  59|0x0000000083b00000, 0x0000000083b00000, 0x0000000083c00000|  0%| F|  |TAMS 0x0000000083b00000| PB 0x0000000083b00000| Untracked 
|  60|0x0000000083c00000, 0x0000000083c00000, 0x0000000083d00000|  0%| F|  |TAMS 0x0000000083c00000| PB 0x0000000083c00000| Untracked 
|  61|0x0000000083d00000, 0x0000000083d00000, 0x0000000083e00000|  0%| F|  |TAMS 0x0000000083d00000| PB 0x0000000083d00000| Untracked 
|  62|0x0000000083e00000, 0x0000000083e00000, 0x0000000083f00000|  0%| F|  |TAMS 0x0000000083e00000| PB 0x0000000083e00000| Untracked 
|  63|0x0000000083f00000, 0x0000000083f00000, 0x0000000084000000|  0%| F|  |TAMS 0x0000000083f00000| PB 0x0000000083f00000| Untracked 
|  64|0x0000000084000000, 0x0000000084000000, 0x0000000084100000|  0%| F|  |TAMS 0x0000000084000000| PB 0x0000000084000000| Untracked 
|  65|0x0000000084100000, 0x0000000084100000, 0x0000000084200000|  0%| F|  |TAMS 0x0000000084100000| PB 0x0000000084100000| Untracked 
|  66|0x0000000084200000, 0x0000000084200000, 0x0000000084300000|  0%| F|  |TAMS 0x0000000084200000| PB 0x0000000084200000| Untracked 
|  67|0x0000000084300000, 0x0000000084300000, 0x0000000084400000|  0%| F|  |TAMS 0x0000000084300000| PB 0x0000000084300000| Untracked 
|  68|0x0000000084400000, 0x0000000084400000, 0x0000000084500000|  0%| F|  |TAMS 0x0000000084400000| PB 0x0000000084400000| Untracked 
|  69|0x0000000084500000, 0x0000000084500000, 0x0000000084600000|  0%| F|  |TAMS 0x0000000084500000| PB 0x0000000084500000| Untracked 
|  70|0x0000000084600000, 0x0000000084600000, 0x0000000084700000|  0%| F|  |TAMS 0x0000000084600000| PB 0x0000000084600000| Untracked 
|  71|0x0000000084700000, 0x0000000084700000, 0x0000000084800000|  0%| F|  |TAMS 0x0000000084700000| PB 0x0000000084700000| Untracked 
|  72|0x0000000084800000, 0x0000000084800000, 0x0000000084900000|  0%| F|  |TAMS 0x0000000084800000| PB 0x0000000084800000| Untracked 
|  73|0x0000000084900000, 0x0000000084900000, 0x0000000084a00000|  0%| F|  |TAMS 0x0000000084900000| PB 0x0000000084900000| Untracked 
|  74|0x0000000084a00000, 0x0000000084a00000, 0x0000000084b00000|  0%| F|  |TAMS 0x0000000084a00000| PB 0x0000000084a00000| Untracked 
|  75|0x0000000084b00000, 0x0000000084b00000, 0x0000000084c00000|  0%| F|  |TAMS 0x0000000084b00000| PB 0x0000000084b00000| Untracked 
|  76|0x0000000084c00000, 0x0000000084c00000, 0x0000000084d00000|  0%| F|  |TAMS 0x0000000084c00000| PB 0x0000000084c00000| Untracked 
|  77|0x0000000084d00000, 0x0000000084d00000, 0x0000000084e00000|  0%| F|  |TAMS 0x0000000084d00000| PB 0x0000000084d00000| Untracked 
|  78|0x0000000084e00000, 0x0000000084e00000, 0x0000000084f00000|  0%| F|  |TAMS 0x0000000084e00000| PB 0x0000000084e00000| Untracked 
|  79|0x0000000084f00000, 0x0000000084f00000, 0x0000000085000000|  0%| F|  |TAMS 0x0000000084f00000| PB 0x0000000084f00000| Untracked 
|  80|0x0000000085000000, 0x0000000085000000, 0x0000000085100000|  0%| F|  |TAMS 0x0000000085000000| PB 0x0000000085000000| Untracked 
|  81|0x0000000085100000, 0x0000000085100000, 0x0000000085200000|  0%| F|  |TAMS 0x0000000085100000| PB 0x0000000085100000| Untracked 
|  82|0x0000000085200000, 0x0000000085200000, 0x0000000085300000|  0%| F|  |TAMS 0x0000000085200000| PB 0x0000000085200000| Untracked 
|  83|0x0000000085300000, 0x0000000085300000, 0x0000000085400000|  0%| F|  |TAMS 0x0000000085300000| PB 0x0000000085300000| Untracked 
|  84|0x0000000085400000, 0x0000000085400000, 0x0000000085500000|  0%| F|  |TAMS 0x0000000085400000| PB 0x0000000085400000| Untracked 
|  85|0x0000000085500000, 0x0000000085500000, 0x0000000085600000|  0%| F|  |TAMS 0x0000000085500000| PB 0x0000000085500000| Untracked 
|  86|0x0000000085600000, 0x0000000085600000, 0x0000000085700000|  0%| F|  |TAMS 0x0000000085600000| PB 0x0000000085600000| Untracked 
|  87|0x0000000085700000, 0x0000000085700000, 0x0000000085800000|  0%| F|  |TAMS 0x0000000085700000| PB 0x0000000085700000| Untracked 
|  88|0x0000000085800000, 0x0000000085800000, 0x0000000085900000|  0%| F|  |TAMS 0x0000000085800000| PB 0x0000000085800000| Untracked 
|  89|0x0000000085900000, 0x0000000085900000, 0x0000000085a00000|  0%| F|  |TAMS 0x0000000085900000| PB 0x0000000085900000| Untracked 
|  90|0x0000000085a00000, 0x0000000085a00000, 0x0000000085b00000|  0%| F|  |TAMS 0x0000000085a00000| PB 0x0000000085a00000| Untracked 
|  91|0x0000000085b00000, 0x0000000085b00000, 0x0000000085c00000|  0%| F|  |TAMS 0x0000000085b00000| PB 0x0000000085b00000| Untracked 
|  92|0x0000000085c00000, 0x0000000085c00000, 0x0000000085d00000|  0%| F|  |TAMS 0x0000000085c00000| PB 0x0000000085c00000| Untracked 
|  93|0x0000000085d00000, 0x0000000085d00000, 0x0000000085e00000|  0%| F|  |TAMS 0x0000000085d00000| PB 0x0000000085d00000| Untracked 
|  94|0x0000000085e00000, 0x0000000085e00000, 0x0000000085f00000|  0%| F|  |TAMS 0x0000000085e00000| PB 0x0000000085e00000| Untracked 
|  95|0x0000000085f00000, 0x0000000085f00000, 0x0000000086000000|  0%| F|  |TAMS 0x0000000085f00000| PB 0x0000000085f00000| Untracked 
|  96|0x0000000086000000, 0x0000000086000000, 0x0000000086100000|  0%| F|  |TAMS 0x0000000086000000| PB 0x0000000086000000| Untracked 
|  97|0x0000000086100000, 0x0000000086100000, 0x0000000086200000|  0%| F|  |TAMS 0x0000000086100000| PB 0x0000000086100000| Untracked 
|  98|0x0000000086200000, 0x0000000086200000, 0x0000000086300000|  0%| F|  |TAMS 0x0000000086200000| PB 0x0000000086200000| Untracked 
|  99|0x0000000086300000, 0x0000000086300000, 0x0000000086400000|  0%| F|  |TAMS 0x0000000086300000| PB 0x0000000086300000| Untracked 
| 100|0x0000000086400000, 0x0000000086400000, 0x0000000086500000|  0%| F|  |TAMS 0x0000000086400000| PB 0x0000000086400000| Untracked 
| 101|0x0000000086500000, 0x0000000086500000, 0x0000000086600000|  0%| F|  |TAMS 0x0000000086500000| PB 0x0000000086500000| Untracked 
| 102|0x0000000086600000, 0x0000000086700000, 0x0000000086700000|100%| S|CS|TAMS 0x0000000086600000| PB 0x0000000086600000| Complete 
| 103|0x0000000086700000, 0x0000000086800000, 0x0000000086800000|100%| S|CS|TAMS 0x0000000086700000| PB 0x0000000086700000| Complete 
| 104|0x0000000086800000, 0x0000000086900000, 0x0000000086900000|100%| S|CS|TAMS 0x0000000086800000| PB 0x0000000086800000| Complete 
| 105|0x0000000086900000, 0x0000000086900000, 0x0000000086a00000|  0%| F|  |TAMS 0x0000000086900000| PB 0x0000000086900000| Untracked 
| 106|0x0000000086a00000, 0x0000000086a00000, 0x0000000086b00000|  0%| F|  |TAMS 0x0000000086a00000| PB 0x0000000086a00000| Untracked 
| 107|0x0000000086b00000, 0x0000000086b00000, 0x0000000086c00000|  0%| F|  |TAMS 0x0000000086b00000| PB 0x0000000086b00000| Untracked 
| 108|0x0000000086c00000, 0x0000000086c00000, 0x0000000086d00000|  0%| F|  |TAMS 0x0000000086c00000| PB 0x0000000086c00000| Untracked 
| 109|0x0000000086d00000, 0x0000000086d00000, 0x0000000086e00000|  0%| F|  |TAMS 0x0000000086d00000| PB 0x0000000086d00000| Untracked 
| 110|0x0000000086e00000, 0x0000000086e00000, 0x0000000086f00000|  0%| F|  |TAMS 0x0000000086e00000| PB 0x0000000086e00000| Untracked 
| 111|0x0000000086f00000, 0x0000000086f00000, 0x0000000087000000|  0%| F|  |TAMS 0x0000000086f00000| PB 0x0000000086f00000| Untracked 
| 112|0x0000000087000000, 0x0000000087000000, 0x0000000087100000|  0%| F|  |TAMS 0x0000000087000000| PB 0x0000000087000000| Untracked 
| 113|0x0000000087100000, 0x0000000087100000, 0x0000000087200000|  0%| F|  |TAMS 0x0000000087100000| PB 0x0000000087100000| Untracked 
| 114|0x0000000087200000, 0x0000000087200000, 0x0000000087300000|  0%| F|  |TAMS 0x0000000087200000| PB 0x0000000087200000| Untracked 
| 115|0x0000000087300000, 0x0000000087300000, 0x0000000087400000|  0%| F|  |TAMS 0x0000000087300000| PB 0x0000000087300000| Untracked 
| 116|0x0000000087400000, 0x0000000087400000, 0x0000000087500000|  0%| F|  |TAMS 0x0000000087400000| PB 0x0000000087400000| Untracked 
| 117|0x0000000087500000, 0x0000000087500000, 0x0000000087600000|  0%| F|  |TAMS 0x0000000087500000| PB 0x0000000087500000| Untracked 
| 118|0x0000000087600000, 0x0000000087600000, 0x0000000087700000|  0%| F|  |TAMS 0x0000000087600000| PB 0x0000000087600000| Untracked 
| 119|0x0000000087700000, 0x000000008773acf8, 0x0000000087800000| 22%| E|  |TAMS 0x0000000087700000| PB 0x0000000087700000| Complete 
| 120|0x0000000087800000, 0x0000000087900000, 0x0000000087900000|100%| E|CS|TAMS 0x0000000087800000| PB 0x0000000087800000| Complete 
| 121|0x0000000087900000, 0x0000000087a00000, 0x0000000087a00000|100%| E|CS|TAMS 0x0000000087900000| PB 0x0000000087900000| Complete 
| 122|0x0000000087a00000, 0x0000000087b00000, 0x0000000087b00000|100%| E|CS|TAMS 0x0000000087a00000| PB 0x0000000087a00000| Complete 
| 123|0x0000000087b00000, 0x0000000087c00000, 0x0000000087c00000|100%| E|CS|TAMS 0x0000000087b00000| PB 0x0000000087b00000| Complete 
| 124|0x0000000087c00000, 0x0000000087d00000, 0x0000000087d00000|100%| E|CS|TAMS 0x0000000087c00000| PB 0x0000000087c00000| Complete 
| 125|0x0000000087d00000, 0x0000000087e00000, 0x0000000087e00000|100%| E|CS|TAMS 0x0000000087d00000| PB 0x0000000087d00000| Complete 
| 126|0x0000000087e00000, 0x0000000087f00000, 0x0000000087f00000|100%| E|CS|TAMS 0x0000000087e00000| PB 0x0000000087e00000| Complete 
| 127|0x0000000087f00000, 0x0000000088000000, 0x0000000088000000|100%| E|CS|TAMS 0x0000000087f00000| PB 0x0000000087f00000| Complete 

Card table byte_map: [0x000001f1101f0000,0x000001f1105f0000] _byte_map_base: 0x000001f10fdf0000

Marking Bits: (CMBitMap*) 0x000001f179c89be0
 Bits: [0x000001f1105f0000, 0x000001f1125f0000)

Polling page: 0x000001f179690000

Metaspace:

Usage:
  Non-class:      5.96 MB used.
      Class:    916.19 KB used.
       Both:      6.85 MB used.

Virtual space:
  Non-class space:       64.00 MB reserved,       6.19 MB ( 10%) committed,  1 nodes.
      Class space:        1.00 GB reserved,       1.06 MB ( <1%) committed,  1 nodes.
             Both:        1.06 GB reserved,       7.25 MB ( <1%) committed. 

Chunk freelists:
   Non-Class:  8.30 MB
       Class:  14.75 MB
        Both:  23.05 MB

MaxMetaspaceSize: unlimited
CompressedClassSpaceSize: 1.00 GB
Initial GC threshold: 21.00 MB
Current GC threshold: 21.00 MB
CDS: on
 - commit_granule_bytes: 65536.
 - commit_granule_words: 8192.
 - virtual_space_node_default_size: 8388608.
 - enlarge_chunks_in_place: 1.
 - use_allocation_guard: 0.


Internal statistics:

num_allocs_failed_limit: 0.
num_arena_births: 402.
num_arena_deaths: 0.
num_vsnodes_births: 2.
num_vsnodes_deaths: 0.
num_space_committed: 116.
num_space_uncommitted: 0.
num_chunks_returned_to_freelist: 0.
num_chunks_taken_from_freelist: 667.
num_chunk_merges: 0.
num_chunk_splits: 424.
num_chunks_enlarged: 208.
num_inconsistent_stats: 0.

CodeHeap 'non-profiled nmethods': size=118848Kb used=622Kb max_used=622Kb free=118225Kb
 bounds [0x000001f107bf0000, 0x000001f107e60000, 0x000001f10f000000]
CodeHeap 'profiled nmethods': size=118848Kb used=3079Kb max_used=3079Kb free=115768Kb
 bounds [0x000001f100000000, 0x000001f100310000, 0x000001f107410000]
CodeHeap 'non-nmethods': size=8064Kb used=1922Kb max_used=3598Kb free=6141Kb
 bounds [0x000001f107410000, 0x000001f1077a0000, 0x000001f107bf0000]
CodeCache: size=245760Kb, used=5623Kb, max_used=7299Kb, free=240134Kb
 total_blobs=2252, nmethods=1729, adapters=427, full_count=0
Compilation: enabled, stopped_count=0, restarted_count=0

Compilation events (20 events):
Event: 3.571 Thread 0x000001f116337550 nmethod 1720 0x000001f107c89e90 code [0x000001f107c8a020, 0x000001f107c8a0f8]
Event: 3.571 Thread 0x000001f116337ff0 nmethod 1721 0x000001f1002fda90 code [0x000001f1002fdd40, 0x000001f1002fe818]
Event: 3.572 Thread 0x000001f116d593f0 nmethod 1719 0x000001f107c8a210 code [0x000001f107c8a480, 0x000001f107c8b270]
Event: 3.573 Thread 0x000001f116337ff0 1722       3       java.lang.StringUTF16::compress (50 bytes)
Event: 3.573 Thread 0x000001f116406090 1727       3       jdk.internal.util.ArraysSupport::mismatch (73 bytes)
Event: 3.573 Thread 0x000001f116337ff0 nmethod 1722 0x000001f1002fec10 code [0x000001f1002fedc0, 0x000001f1002feff8]
Event: 3.573 Thread 0x000001f116337ff0 1723       3       java.lang.String::compareTo (63 bytes)
Event: 3.573 Thread 0x000001f116de4fe0 1728       4       java.util.HashMap::put (13 bytes)
Event: 3.573 Thread 0x000001f116406090 nmethod 1727 0x000001f1002ff190 code [0x000001f1002ff380, 0x000001f1002ff770]
Event: 3.573 Thread 0x000001f116337ff0 nmethod 1723 0x000001f1002ff990 code [0x000001f1002ffba0, 0x000001f100300018]
Event: 3.573 Thread 0x000001f116337ff0 1724       3       java.lang.StringLatin1::compareTo (14 bytes)
Event: 3.573 Thread 0x000001f116337ff0 nmethod 1724 0x000001f100300210 code [0x000001f1003003c0, 0x000001f1003004e8]
Event: 3.573 Thread 0x000001f116337ff0 1725       3       java.lang.StringLatin1::compareTo (41 bytes)
Event: 3.574 Thread 0x000001f116406090 1726       3       java.lang.String::compareTo (9 bytes)
Event: 3.574 Thread 0x000001f116337ff0 nmethod 1725 0x000001f100300610 code [0x000001f1003007e0, 0x000001f100300b40]
Event: 3.574 Thread 0x000001f116406090 nmethod 1726 0x000001f100300d10 code [0x000001f100300ec0, 0x000001f1003010f0]
Event: 3.574 Thread 0x000001f116406090 1729       3       java.lang.ref.Cleaner::register (25 bytes)
Event: 3.574 Thread 0x000001f116337ff0 1730       3       jdk.internal.ref.CleanerImpl$PhantomCleanableRef::<init> (12 bytes)
Event: 3.574 Thread 0x000001f116337ff0 nmethod 1730 0x000001f100301190 code [0x000001f100301340, 0x000001f1003014e0]
Event: 3.574 Thread 0x000001f116406090 nmethod 1729 0x000001f100301590 code [0x000001f100301780, 0x000001f100301cc0]

GC Heap History (2 events):
Event: 0.351 GC heap before
{Heap before GC invocations=0 (full 0):
 garbage-first heap   total 131072K, used 26624K [0x0000000080000000, 0x0000000100000000)
  region size 1024K, 23 young (23552K), 0 survivors (0K)
 Metaspace       used 4741K, committed 5120K, reserved 1114112K
  class space    used 654K, committed 832K, reserved 1048576K
}
Event: 0.354 GC heap after
{Heap after GC invocations=1 (full 0):
 garbage-first heap   total 131072K, used 9214K [0x0000000080000000, 0x0000000100000000)
  region size 1024K, 3 young (3072K), 3 survivors (3072K)
 Metaspace       used 4741K, committed 5120K, reserved 1114112K
  class space    used 654K, committed 832K, reserved 1048576K
}

Dll operation events (2 events):
Event: 0.005 Loaded shared library D:\JetBrains\IntelliJ IDEA 2025.2.5\jbr\bin\java.dll
Event: 0.026 Loaded shared library D:\JetBrains\IntelliJ IDEA 2025.2.5\jbr\bin\zip.dll

Deoptimization events (20 events):
Event: 3.557 Thread 0x000001f116a97cb0 Uncommon trap: trap_request=0xffffff45 fr.pc=0x000001f107c7dd98 relative=0x0000000000000b58
Event: 3.557 Thread 0x000001f116a97cb0 Uncommon trap: reason=unstable_if action=reinterpret pc=0x000001f107c7dd98 method=sun.security.provider.SHA2.implReset()V @ 8 c2
Event: 3.557 Thread 0x000001f116a97cb0 DEOPT PACKING pc=0x000001f107c7dd98 sp=0x000000caea3fddf0
Event: 3.557 Thread 0x000001f116a97cb0 DEOPT UNPACKING pc=0x000001f107464422 sp=0x000000caea3fdd08 mode 2
Event: 3.573 Thread 0x000001f116a97cb0 Uncommon trap: trap_request=0xffffffde fr.pc=0x000001f107c8b138 relative=0x0000000000000cb8
Event: 3.573 Thread 0x000001f116a97cb0 Uncommon trap: reason=class_check action=maybe_recompile pc=0x000001f107c8b138 method=java.util.HashMap.putVal(ILjava/lang/Object;Ljava/lang/Object;ZZ)Ljava/lang/Object; @ 203 c2
Event: 3.573 Thread 0x000001f116a97cb0 DEOPT PACKING pc=0x000001f107c8b138 sp=0x000000caea3fd630
Event: 3.573 Thread 0x000001f116a97cb0 DEOPT UNPACKING pc=0x000001f107464422 sp=0x000000caea3fd620 mode 2
Event: 3.573 Thread 0x000001f116a97cb0 Uncommon trap: trap_request=0xffffffde fr.pc=0x000001f107c8b138 relative=0x0000000000000cb8
Event: 3.573 Thread 0x000001f116a97cb0 Uncommon trap: reason=class_check action=maybe_recompile pc=0x000001f107c8b138 method=java.util.HashMap.putVal(ILjava/lang/Object;Ljava/lang/Object;ZZ)Ljava/lang/Object; @ 203 c2
Event: 3.573 Thread 0x000001f116a97cb0 DEOPT PACKING pc=0x000001f107c8b138 sp=0x000000caea3fd630
Event: 3.573 Thread 0x000001f116a97cb0 DEOPT UNPACKING pc=0x000001f107464422 sp=0x000000caea3fd620 mode 2
Event: 3.573 Thread 0x000001f116a97cb0 Uncommon trap: trap_request=0xffffffde fr.pc=0x000001f107c8b138 relative=0x0000000000000cb8
Event: 3.573 Thread 0x000001f116a97cb0 Uncommon trap: reason=class_check action=maybe_recompile pc=0x000001f107c8b138 method=java.util.HashMap.putVal(ILjava/lang/Object;Ljava/lang/Object;ZZ)Ljava/lang/Object; @ 203 c2
Event: 3.573 Thread 0x000001f116a97cb0 DEOPT PACKING pc=0x000001f107c8b138 sp=0x000000caea3fd630
Event: 3.573 Thread 0x000001f116a97cb0 DEOPT UNPACKING pc=0x000001f107464422 sp=0x000000caea3fd620 mode 2
Event: 3.573 Thread 0x000001f116a97cb0 Uncommon trap: trap_request=0xffffffde fr.pc=0x000001f107c8b138 relative=0x0000000000000cb8
Event: 3.573 Thread 0x000001f116a97cb0 Uncommon trap: reason=class_check action=maybe_recompile pc=0x000001f107c8b138 method=java.util.HashMap.putVal(ILjava/lang/Object;Ljava/lang/Object;ZZ)Ljava/lang/Object; @ 203 c2
Event: 3.573 Thread 0x000001f116a97cb0 DEOPT PACKING pc=0x000001f107c8b138 sp=0x000000caea3fd630
Event: 3.573 Thread 0x000001f116a97cb0 DEOPT UNPACKING pc=0x000001f107464422 sp=0x000000caea3fd620 mode 2

Classes loaded (20 events):
Event: 3.519 Loading class com/sun/crypto/provider/PBKDF2Core$HmacSHA256
Event: 3.519 Loading class com/sun/crypto/provider/PBKDF2Core
Event: 3.519 Loading class com/sun/crypto/provider/PBKDF2Core done
Event: 3.519 Loading class com/sun/crypto/provider/PBKDF2Core$HmacSHA256 done
Event: 3.519 Loading class javax/crypto/spec/PBEKeySpec
Event: 3.519 Loading class javax/crypto/spec/PBEKeySpec done
Event: 3.519 Loading class com/sun/crypto/provider/PBKDF2KeyImpl
Event: 3.520 Loading class javax/crypto/interfaces/PBEKey
Event: 3.520 Loading class javax/crypto/interfaces/PBEKey done
Event: 3.520 Loading class com/sun/crypto/provider/PBKDF2KeyImpl done
Event: 3.520 Loading class com/sun/crypto/provider/PBKDF2KeyImpl$1
Event: 3.520 Loading class com/sun/crypto/provider/PBKDF2KeyImpl$1 done
Event: 3.571 Loading class java/util/SimpleTimeZone
Event: 3.572 Loading class java/util/SimpleTimeZone done
Event: 3.572 Loading class java/time/LocalDateTime$1
Event: 3.572 Loading class java/time/LocalDateTime$1 done
Event: 3.572 Loading class java/time/chrono/IsoEra
Event: 3.573 Loading class java/time/chrono/Era
Event: 3.573 Loading class java/time/chrono/Era done
Event: 3.573 Loading class java/time/chrono/IsoEra done

Classes unloaded (0 events):
No events

Classes redefined (0 events):
No events

Internal exceptions (20 events):
Event: 0.250 Thread 0x000001f116843210 Exception <a 'java/lang/NoSuchMethodError'{0x0000000086d67370}: 'void java.lang.invoke.DirectMethodHandle$Holder.invokeSpecial(java.lang.Object, java.lang.Object, java.lang.Object)'> (0x0000000086d67370) 
thrown [s\src\hotspot\share\interpreter\linkResolver.cpp, line 784]
Event: 0.250 Thread 0x000001f116843880 Exception <a 'java/lang/NoSuchMethodError'{0x0000000086ddad98}: 'void java.lang.invoke.DirectMethodHandle$Holder.invokeSpecial(java.lang.Object, java.lang.Object, java.lang.Object)'> (0x0000000086ddad98) 
thrown [s\src\hotspot\share\interpreter\linkResolver.cpp, line 784]
Event: 0.263 Thread 0x000001f116a97cb0 Exception <a 'java/lang/NoSuchMethodError'{0x0000000086c25648}: static [B.<clinit>()V> (0x0000000086c25648) 
thrown [s\src\hotspot\share\prims\jni.cpp, line 1144]
Event: 0.263 Thread 0x000001f116d6e080 Exception <a 'java/lang/NoSuchMethodError'{0x0000000086c98ac8}: static [B.<clinit>()V> (0x0000000086c98ac8) 
thrown [s\src\hotspot\share\prims\jni.cpp, line 1144]
Event: 0.269 Thread 0x000001f116a97cb0 Exception <a 'java/lang/NoSuchMethodError'{0x0000000086c27178}: 'long java.lang.invoke.DirectMethodHandle$Holder.invokeInterface(java.lang.Object, java.lang.Object)'> (0x0000000086c27178) 
thrown [s\src\hotspot\share\interpreter\linkResolver.cpp, line 784]
Event: 0.269 Thread 0x000001f116d6e080 Exception <a 'java/lang/NoSuchMethodError'{0x0000000086c9a4e8}: 'int java.lang.invoke.DirectMethodHandle$Holder.invokeInterface(java.lang.Object, java.lang.Object)'> (0x0000000086c9a4e8) 
thrown [s\src\hotspot\share\interpreter\linkResolver.cpp, line 784]
Event: 0.282 Thread 0x000001f116a97cb0 Exception <a 'java/lang/NoSuchMethodError'{0x0000000086cfc888}: static [Ljava/rmi/server/ObjID;.<clinit>()V> (0x0000000086cfc888) 
thrown [s\src\hotspot\share\prims\jni.cpp, line 1144]
Event: 0.283 Thread 0x000001f116d6f430 Exception <a 'java/lang/NoSuchMethodError'{0x0000000086b016d0}: 'java.lang.Object java.lang.invoke.DirectMethodHandle$Holder.invokeSpecial(java.lang.Object, java.lang.Object, int, java.lang.Object, long)'> (0x0000000086b016d0) 
thrown [s\src\hotspot\share\interpreter\linkResolver.cpp, line 784]
Event: 0.284 Thread 0x000001f116d6f430 Exception <a 'java/lang/NoSuchMethodError'{0x0000000086b08488}: 'java.lang.Object java.lang.invoke.DirectMethodHandle$Holder.newInvokeSpecial(java.lang.Object, java.lang.Object, int, java.lang.Object, long)'> (0x0000000086b08488) 
thrown [s\src\hotspot\share\interpreter\linkResolver.cpp, line 784]
Event: 0.284 Thread 0x000001f116a97cb0 Exception <a 'java/lang/NoSuchMethodError'{0x0000000086b89b90}: 'void java.lang.invoke.Invokers$Holder.linkToTargetMethod(java.lang.Object, java.lang.Object)'> (0x0000000086b89b90) 
thrown [s\src\hotspot\share\interpreter\linkResolver.cpp, line 784]
Event: 0.285 Thread 0x000001f116a97cb0 Exception <a 'java/lang/NoSuchMethodError'{0x0000000086b8e9e8}: 'void java.lang.invoke.DirectMethodHandle$Holder.invokeInterface(java.lang.Object, java.lang.Object)'> (0x0000000086b8e9e8) 
thrown [s\src\hotspot\share\interpreter\linkResolver.cpp, line 784]
Event: 0.335 Thread 0x000001f116a97cb0 Exception <a 'java/lang/NoSuchMethodError'{0x0000000086a5e708}: 'java.lang.Object java.lang.invoke.DirectMethodHandle$Holder.invokeInterface(java.lang.Object, java.lang.Object, java.lang.Object, java.lang.Object, java.lang.Object)'> (0x0000000086a5e708) 
thrown [s\src\hotspot\share\interpreter\linkResolver.cpp, line 784]
Event: 0.335 Thread 0x000001f116a97cb0 Exception <a 'java/lang/NoSuchMethodError'{0x0000000086a71ac0}: 'java.lang.Object java.lang.invoke.Invokers$Holder.invokeExact_MT(java.lang.Object, java.lang.Object, java.lang.Object, java.lang.Object, java.lang.Object, java.lang.Object)'> (0x0000000086a71ac0) 
thrown [s\src\hotspot\share\interpreter\linkResolver.cpp, line 784]
Event: 0.363 Thread 0x000001f116a97cb0 Exception <a 'java/lang/NoSuchMethodError'{0x0000000087e348e0}: method resolution failed> (0x0000000087e348e0) 
thrown [s\src\hotspot\share\prims\methodHandles.cpp, line 1136]
Event: 0.364 Thread 0x000001f116a97cb0 Exception <a 'java/lang/NoSuchMethodError'{0x0000000087ea54f0}: 'java.lang.Object java.lang.invoke.Invokers$Holder.invokeExact_MT(java.lang.Object, java.lang.Object, java.lang.Object, java.lang.Object, java.lang.Object)'> (0x0000000087ea54f0) 
thrown [s\src\hotspot\share\interpreter\linkResolver.cpp, line 784]
Event: 0.373 Thread 0x000001f116a97cb0 Exception <a 'java/lang/NoSuchMethodError'{0x0000000087d1b8e0}: 'java.lang.Object java.lang.invoke.DirectMethodHandle$Holder.invokeVirtual(java.lang.Object, java.lang.Object, java.lang.Object, java.lang.Object)'> (0x0000000087d1b8e0) 
thrown [s\src\hotspot\share\interpreter\linkResolver.cpp, line 784]
Event: 0.374 Thread 0x000001f116a97cb0 Exception <a 'java/lang/NoSuchMethodError'{0x0000000087d23428}: 'void java.lang.invoke.DirectMethodHandle$Holder.invokeStatic(java.lang.Object, java.lang.Object, java.lang.Object, java.lang.Object)'> (0x0000000087d23428) 
thrown [s\src\hotspot\share\interpreter\linkResolver.cpp, line 784]
Event: 0.378 Thread 0x000001f116a97cb0 Exception <a 'java/lang/IncompatibleClassChangeError'{0x0000000087d93600}: Found class java.lang.Object, but interface was expected> (0x0000000087d93600) 
thrown [s\src\hotspot\share\interpreter\linkResolver.cpp, line 851]
Event: 3.516 Thread 0x000001f116a97cb0 Exception <a 'sun/nio/fs/WindowsException'{0x0000000087982a28}> (0x0000000087982a28) 
thrown [s\src\hotspot\share\prims\jni.cpp, line 537]
Event: 3.557 Thread 0x000001f116a97cb0 Implicit null exception at 0x000001f107c7d328 to 0x000001f107c7dd74

ZGC Phase Switch (0 events):
No events

VM Operations (20 events):
Event: 1.354 Executing VM operation: Cleanup
Event: 1.354 Executing VM operation: Cleanup done
Event: 3.454 Executing VM operation: HandshakeAllThreads (Deoptimize)
Event: 3.454 Executing VM operation: HandshakeAllThreads (Deoptimize) done
Event: 3.454 Executing VM operation: Cleanup
Event: 3.454 Executing VM operation: Cleanup done
Event: 3.485 Executing VM operation: HandshakeAllThreads (Deoptimize)
Event: 3.485 Executing VM operation: HandshakeAllThreads (Deoptimize) done
Event: 3.511 Executing VM operation: HandshakeAllThreads (Deoptimize)
Event: 3.511 Executing VM operation: HandshakeAllThreads (Deoptimize) done
Event: 3.512 Executing VM operation: HandshakeAllThreads (Deoptimize)
Event: 3.512 Executing VM operation: HandshakeAllThreads (Deoptimize) done
Event: 3.516 Executing VM operation: HandshakeAllThreads (Deoptimize)
Event: 3.516 Executing VM operation: HandshakeAllThreads (Deoptimize) done
Event: 3.518 Executing VM operation: HandshakeAllThreads (Deoptimize)
Event: 3.518 Executing VM operation: HandshakeAllThreads (Deoptimize) done
Event: 3.564 Executing VM operation: HandshakeAllThreads (Deoptimize)
Event: 3.564 Executing VM operation: HandshakeAllThreads (Deoptimize) done
Event: 3.564 Executing VM operation: HandshakeAllThreads (Deoptimize)
Event: 3.564 Executing VM operation: HandshakeAllThreads (Deoptimize) done

Memory protections (0 events):
No events

Nmethod flushes (0 events):
No events

Events (20 events):
Event: 0.211 Thread 0x000001f179c2f6f0 Thread added: 0x000001f116847cf0
Event: 0.216 Thread 0x000001f179c2f6f0 Thread added: 0x000001f116b53ee0
Event: 0.216 Thread 0x000001f179c2f6f0 Thread added: 0x000001f1167840d0
Event: 0.218 Loaded shared library D:\JetBrains\IntelliJ IDEA 2025.2.5\jbr\bin\rmi.dll
Event: 0.218 Thread 0x000001f179c2f6f0 Thread added: 0x000001f116784740
Event: 0.236 Thread 0x000001f116847cf0 Thread added: 0x000001f116843210
Event: 0.236 Thread 0x000001f116847cf0 Thread added: 0x000001f116843880
Event: 0.251 Thread 0x000001f116843210 Thread added: 0x000001f116a97640
Event: 0.259 Thread 0x000001f116b53ee0 Thread added: 0x000001f116a97cb0
Event: 0.259 Thread 0x000001f116b53ee0 Thread added: 0x000001f116d6e080
Event: 0.279 Thread 0x000001f116a97cb0 Thread added: 0x000001f116d6f430
Event: 3.421 Thread 0x000001f116b86830 Thread exited: 0x000001f116b86830
Event: 3.421 Thread 0x000001f11650c080 Thread exited: 0x000001f11650c080
Event: 3.421 Thread 0x000001f116b86180 Thread exited: 0x000001f116b86180
Event: 3.422 Thread 0x000001f116508280 Thread exited: 0x000001f116508280
Event: 3.422 Thread 0x000001f116b64d70 Thread exited: 0x000001f116b64d70
Event: 3.422 Loaded shared library D:\JetBrains\IntelliJ IDEA 2025.2.5\jbr\bin\management.dll
Event: 3.424 Loaded shared library D:\JetBrains\IntelliJ IDEA 2025.2.5\jbr\bin\management_ext.dll
Event: 3.513 Thread 0x000001f116406090 Thread added: 0x000001f116de4fe0
Event: 3.516 Thread 0x000001f116337ff0 Thread added: 0x000001f116d593f0


Dynamic libraries:
0x00007ff74f7f0000 - 0x00007ff74f7fa000 	D:\JetBrains\IntelliJ IDEA 2025.2.5\jbr\bin\java.exe
0x00007ff838dc0000 - 0x00007ff839028000 	C:\Windows\SYSTEM32\ntdll.dll
0x00007ff837960000 - 0x00007ff837a29000 	C:\Windows\System32\KERNEL32.DLL
0x00007ff836760000 - 0x00007ff836b58000 	C:\Windows\System32\KERNELBASE.dll
0x00007ff836100000 - 0x00007ff83624b000 	C:\Windows\System32\ucrtbase.dll
0x00007ff815a20000 - 0x00007ff815a3b000 	D:\JetBrains\IntelliJ IDEA 2025.2.5\jbr\bin\VCRUNTIME140.dll
0x00007fffeaae0000 - 0x00007fffeaaf8000 	D:\JetBrains\IntelliJ IDEA 2025.2.5\jbr\bin\jli.dll
0x00007ff8386e0000 - 0x00007ff8388a7000 	C:\Windows\System32\USER32.dll
0x00007ff836470000 - 0x00007ff836497000 	C:\Windows\System32\win32u.dll
0x00007ff8372c0000 - 0x00007ff8372eb000 	C:\Windows\System32\GDI32.dll
0x00007ff818cc0000 - 0x00007ff818f54000 	C:\Windows\WinSxS\amd64_microsoft.windows.common-controls_6595b64144ccf1df_6.0.26100.7019_none_3e06ffa0e335b8a8\COMCTL32.dll
0x00007ff835f10000 - 0x00007ff83603c000 	C:\Windows\System32\gdi32full.dll
0x00007ff838cd0000 - 0x00007ff838d79000 	C:\Windows\System32\msvcrt.dll
0x00007ff8363c0000 - 0x00007ff836463000 	C:\Windows\System32\msvcp_win.dll
0x00007ff837a30000 - 0x00007ff837a61000 	C:\Windows\System32\IMM32.DLL
0x00007ff830380000 - 0x00007ff83038c000 	D:\JetBrains\IntelliJ IDEA 2025.2.5\jbr\bin\vcruntime140_1.dll
0x00007fffba380000 - 0x00007fffba40d000 	D:\JetBrains\IntelliJ IDEA 2025.2.5\jbr\bin\msvcp140.dll
0x00007fffb6110000 - 0x00007fffb6edd000 	D:\JetBrains\IntelliJ IDEA 2025.2.5\jbr\bin\server\jvm.dll
0x00007ff838c10000 - 0x00007ff838cc4000 	C:\Windows\System32\ADVAPI32.dll
0x00007ff837510000 - 0x00007ff8375b6000 	C:\Windows\System32\sechost.dll
0x00007ff8372f0000 - 0x00007ff837408000 	C:\Windows\System32\RPCRT4.dll
0x00007ff8388b0000 - 0x00007ff838924000 	C:\Windows\System32\WS2_32.dll
0x00007ff835d70000 - 0x00007ff835dce000 	C:\Windows\SYSTEM32\POWRPROF.dll
0x00007ff82d750000 - 0x00007ff82d75b000 	C:\Windows\SYSTEM32\VERSION.dll
0x00007ff8252f0000 - 0x00007ff825325000 	C:\Windows\SYSTEM32\WINMM.dll
0x00007ff835d50000 - 0x00007ff835d64000 	C:\Windows\SYSTEM32\UMPDC.dll
0x00007ff834ca0000 - 0x00007ff834cbb000 	C:\Windows\SYSTEM32\kernel.appcore.dll
0x00007ff82ea60000 - 0x00007ff82ea6a000 	D:\JetBrains\IntelliJ IDEA 2025.2.5\jbr\bin\jimage.dll
0x00007ff833550000 - 0x00007ff833792000 	C:\Windows\SYSTEM32\DBGHELP.DLL
0x00007ff838030000 - 0x00007ff8383bb000 	C:\Windows\System32\combase.dll
0x00007ff838500000 - 0x00007ff8385d7000 	C:\Windows\System32\OLEAUT32.dll
0x00007ff804e60000 - 0x00007ff804e9c000 	C:\Windows\SYSTEM32\dbgcore.DLL
0x00007ff836620000 - 0x00007ff8366c5000 	C:\Windows\System32\bcryptPrimitives.dll
0x00007ff811870000 - 0x00007ff811890000 	D:\JetBrains\IntelliJ IDEA 2025.2.5\jbr\bin\java.dll
0x00007ff836b60000 - 0x00007ff8372af000 	C:\Windows\System32\SHELL32.dll
0x00007ff836250000 - 0x00007ff8363bb000 	C:\Windows\System32\wintypes.dll
0x00007ff833b10000 - 0x00007ff83436d000 	C:\Windows\SYSTEM32\windows.storage.dll
0x00007ff837410000 - 0x00007ff837502000 	C:\Windows\System32\SHCORE.dll
0x00007ff837a70000 - 0x00007ff837ad7000 	C:\Windows\System32\shlwapi.dll
0x00007ff835e30000 - 0x00007ff835e59000 	C:\Windows\SYSTEM32\profapi.dll
0x00007ff811850000 - 0x00007ff811868000 	D:\JetBrains\IntelliJ IDEA 2025.2.5\jbr\bin\zip.dll
0x00007ff82e310000 - 0x00007ff82e320000 	D:\JetBrains\IntelliJ IDEA 2025.2.5\jbr\bin\net.dll
0x00007ff82cd30000 - 0x00007ff82ce58000 	C:\Windows\SYSTEM32\WINHTTP.dll
0x00007ff8351f0000 - 0x00007ff83525b000 	C:\Windows\system32\mswsock.dll
0x00007ff80a780000 - 0x00007ff80a796000 	D:\JetBrains\IntelliJ IDEA 2025.2.5\jbr\bin\nio.dll
0x00007ff8347d0000 - 0x00007ff834804000 	C:\Windows\SYSTEM32\IPHLPAPI.DLL
0x00007ff8383d0000 - 0x00007ff8383da000 	C:\Windows\System32\NSI.dll
0x00007ff835480000 - 0x00007ff83549b000 	C:\Windows\SYSTEM32\CRYPTSP.dll
0x00007ff834c00000 - 0x00007ff834c3a000 	C:\Windows\system32\rsaenh.dll
0x00007ff8352a0000 - 0x00007ff8352cb000 	C:\Windows\SYSTEM32\USERENV.dll
0x00007ff835e00000 - 0x00007ff835e2a000 	C:\Windows\SYSTEM32\bcrypt.dll
0x00007ff835470000 - 0x00007ff83547c000 	C:\Windows\SYSTEM32\CRYPTBASE.dll
0x00007ff806040000 - 0x00007ff806049000 	D:\JetBrains\IntelliJ IDEA 2025.2.5\jbr\bin\extnet.dll
0x00007ff812190000 - 0x00007ff812197000 	D:\JetBrains\IntelliJ IDEA 2025.2.5\jbr\bin\rmi.dll
0x00007ff8051e0000 - 0x00007ff8051e9000 	D:\JetBrains\IntelliJ IDEA 2025.2.5\jbr\bin\management.dll
0x00007ff8019f0000 - 0x00007ff8019fb000 	D:\JetBrains\IntelliJ IDEA 2025.2.5\jbr\bin\management_ext.dll
0x00007ff8375c0000 - 0x00007ff8375c8000 	C:\Windows\System32\PSAPI.DLL

JVMTI agents: none

dbghelp: loaded successfully - version: 4.0.5 - missing functions: none
symbol engine: initialized successfully - sym options: 0x614 - pdb path: .;D:\JetBrains\IntelliJ IDEA 2025.2.5\jbr\bin;C:\Windows\SYSTEM32;C:\Windows\WinSxS\amd64_microsoft.windows.common-controls_6595b64144ccf1df_6.0.26100.7019_none_3e06ffa0e335b8a8;D:\JetBrains\IntelliJ IDEA 2025.2.5\jbr\bin\server

VM Arguments:
jvm_args: -Djava.rmi.server.hostname=127.0.0.1 -Duser.timezone=UTC -Xmx2048m -Xms128m -Djdbc.classpath=C:\Users\Lenovo\AppData\Local\Temp\RemoteDriver.classpath.txt --add-exports=java.desktop/sun.awt=ALL-UNNAMED --add-exports=java.desktop/java.awt.peer=ALL-UNNAMED --add-opens=java.desktop/java.awt=ALL-UNNAMED --add-opens=jdk.unsupported/sun.misc=ALL-UNNAMED --add-opens=java.base/java.nio=ALL-UNNAMED --add-opens=java.base/java.util=ALL-UNNAMED -Dfile.encoding=UTF-8 -Dsun.stdout.encoding=UTF-8 -Dsun.stderr.encoding=UTF-8 
java_command: com.intellij.database.remote.RemoteJdbcServer org.postgresql.Driver
java_class_path (initial): D:\JetBrains\IntelliJ IDEA 2025.2.5\lib\util_rt.jar;D:\JetBrains\IntelliJ IDEA 2025.2.5\lib\util-8.jar;D:\JetBrains\IntelliJ IDEA 2025.2.5\lib\groovy.jar;D:\JetBrains\IntelliJ IDEA 2025.2.5\plugins\DatabaseTools\lib\jdbc-console.jar;D:\JetBrains\IntelliJ IDEA 2025.2.5\lib\modules\intellij.grid.types.jar;D:\JetBrains\IntelliJ IDEA 2025.2.5\lib\util.jar;D:\JetBrains\IntelliJ IDEA 2025.2.5\lib\bouncy-castle.jar
Launcher Type: SUN_STANDARD

[Global flags]
     intx CICompilerCount                          = 15                                        {product} {ergonomic}
     uint ConcGCThreads                            = 6                                         {product} {ergonomic}
     uint G1ConcRefinementThreads                  = 23                                        {product} {ergonomic}
   size_t G1HeapRegionSize                         = 1048576                                   {product} {ergonomic}
    uintx GCDrainStackTargetSize                   = 64                                        {product} {ergonomic}
   size_t InitialHeapSize                          = 134217728                                 {product} {command line}
   size_t MarkStackSize                            = 4194304                                   {product} {ergonomic}
   size_t MaxHeapSize                              = 2147483648                                {product} {command line}
   size_t MaxNewSize                               = 1287651328                                {product} {ergonomic}
   size_t MinHeapDeltaBytes                        = 1048576                                   {product} {ergonomic}
   size_t MinHeapSize                              = 134217728                                 {product} {command line}
    uintx NonNMethodCodeHeapSize                   = 8192380                                {pd product} {ergonomic}
    uintx NonProfiledCodeHeapSize                  = 121732930                              {pd product} {ergonomic}
    uintx ProfiledCodeHeapSize                     = 121732930                              {pd product} {ergonomic}
    uintx ReservedCodeCacheSize                    = 251658240                              {pd product} {ergonomic}
     bool SegmentedCodeCache                       = true                                      {product} {ergonomic}
   size_t SoftMaxHeapSize                          = 2147483648                             {manageable} {ergonomic}
     bool UseCompressedOops                        = true                           {product lp64_product} {ergonomic}
     bool UseG1GC                                  = true                                      {product} {ergonomic}
     bool UseLargePagesIndividualAllocation        = false                                  {pd product} {ergonomic}

Logging:
Log output configuration:
 #0: stdout all=warning uptime,level,tags foldmultilines=false
 #1: stderr all=off uptime,level,tags foldmultilines=false

Release file:
JAVA_VERSION="21.0.9" 
MODULES="java.base java.datatransfer java.xml java.prefs java.desktop gluegen.rt java.compiler java.instrument java.logging java.management java.security.sasl java.naming java.rmi java.management.rmi java.net.http java.scripting java.security.jgss java.transaction.xa java.sql java.sql.rowset java.xml.crypto java.se java.smartcardio jogl.all jcef jdk.accessibility jdk.internal.jvmstat jdk.attach jdk.charsets jdk.internal.opt jdk.zipfs jdk.compiler jdk.crypto.ec jdk.crypto.cryptoki jdk.crypto.mscapi jdk.dynalink jdk.hotspot.agent jdk.httpserver jdk.internal.ed jdk.internal.le jdk.internal.vm.ci jdk.javadoc jdk.jcmd jdk.jdwp.agent jdk.jdi jdk.jfr jdk.jsobject jdk.localedata jdk.management jdk.management.agent jdk.management.jfr jdk.naming.dns jdk.naming.rmi jdk.net jdk.sctp jdk.security.auth jdk.security.jgss jdk.unsupported jdk.unsupported.desktop jdk.xml.dom" 
IMPLEMENTOR="JetBrains s.r.o." 
IMPLEMENTOR_VERSION="JBR-21.0.9+1-1038.76-jcef" 
JAVA_RUNTIME_VERSION="21.0.9+1-b1038.76" 
LIBC="default" 
OS_ARCH="x86_64" 
OS_NAME="Windows" 
SOURCE=".:git:28a436e7b3a4+ jcef_git:git:4a605f44671a" 
JCEF_VERSION="122.1.9.1060+g33f6357" 
JCEF_COMMIT_HASH="33f6357c0226f73b0e398b75d8bd22f486e430ab" 

Environment Variables:
PATH=C:\Windows\system32;C:\Windows;C:\Windows\System32\Wbem;C:\Windows\System32\WindowsPowerShell\v1.0;C:\Windows\System32\OpenSSH;C:\Program Files (x86)\NVIDIA Corporation\PhysX\Common;C:\Program Files\NVIDIA Corporation\NVIDIA NvDLISR;C:\Program Files\dotnet;C:\Users\Lenovo\AppData\Local\Microsoft\WindowsApps;C:\WINDOWS;C:\WINDOWS\system32;C:\WINDOWS\System32\Wbem;C:\WINDOWS\System32\WindowsPowerShell\v1.0;C:\WINDOWS\System32\OpenSSH;D:\MinGW\bin;C:\Windows\system32\downlevel;C:\Program Files\dotnet\;D:\Git\cmd;D:\nodejs\;D:\nodejs\node_global\node_modules;C:\Users\Lenovo\AppData\Local\Microsoft\WindowsApps;C:\Users\Lenovo\AppData\Local\Programs\Microsoft VS Code\bin;D:\nodejs\node_global;
USERNAME=Lenovo
OS=Windows_NT
PROCESSOR_IDENTIFIER=Intel64 Family 6 Model 183 Stepping 1, GenuineIntel
TMP=C:\Users\Lenovo\AppData\Local\Temp
TEMP=C:\Users\Lenovo\AppData\Local\Temp




Periodic native trim disabled

JNI global refs:
JNI global refs: 29, weak refs: 0

JNI global refs memory usage: 835, weak refs: 201

Process memory usage:
Resident Set Size: 110292K (0% of 33341304K total physical memory with 19725476K free physical memory)

OOME stack traces (most recent first):
Classloader memory used:
Loader bootstrap                                                                       : 3046K
Loader jdk.internal.loader.ClassLoaders$AppClassLoader                                 : 2501K
Loader com.intellij.database.remote.jdbc.impl.JdbcClassLoader$JdbcClassLoaderImpl      : 1085K
Loader jdk.internal.loader.ClassLoaders$PlatformClassLoader                            : 332K
Loader jdk.internal.reflect.DelegatingClassLoader                                      : 80224B

---------------  S Y S T E M  ---------------

OS:
 Windows 11 , 64 bit Build 26100 (10.0.26100.7019)
OS uptime: 0 days 7:28 hours
Hyper-V role detected

CPU: total 32 (initial active 32) (16 cores per cpu, 2 threads per core) family 6 model 183 stepping 1 microcode 0x12e, cx8, cmov, fxsr, ht, mmx, 3dnowpref, sse, sse2, sse3, ssse3, sse4.1, sse4.2, popcnt, lzcnt, tsc, tscinvbit, avx, avx2, aes, erms, clmul, bmi1, bmi2, adx, sha, fma, vzeroupper, clflush, clflushopt, clwb, hv, serialize, rdtscp, rdpid, fsrm, f16c, cet_ibt, cet_ss
Processor Information for processor 0
  Max Mhz: 2200, Current Mhz: 2200, Mhz Limit: 2200
Processor Information for processor 1
  Max Mhz: 2200, Current Mhz: 2200, Mhz Limit: 2200
Processor Information for processor 2
  Max Mhz: 2200, Current Mhz: 2200, Mhz Limit: 2200
Processor Information for processor 3
  Max Mhz: 2200, Current Mhz: 2200, Mhz Limit: 2200
Processor Information for processor 4
  Max Mhz: 2200, Current Mhz: 2200, Mhz Limit: 2200
Processor Information for processor 5
  Max Mhz: 2200, Current Mhz: 2200, Mhz Limit: 2200
Processor Information for processor 6
  Max Mhz: 2200, Current Mhz: 2200, Mhz Limit: 2200
Processor Information for processor 7
  Max Mhz: 2200, Current Mhz: 2200, Mhz Limit: 2200
Processor Information for processor 8
  Max Mhz: 2200, Current Mhz: 2200, Mhz Limit: 2200
Processor Information for processor 9
  Max Mhz: 2200, Current Mhz: 2200, Mhz Limit: 2200
Processor Information for processor 10
  Max Mhz: 2200, Current Mhz: 2200, Mhz Limit: 2200
Processor Information for processor 11
  Max Mhz: 2200, Current Mhz: 2200, Mhz Limit: 2200
Processor Information for processor 12
  Max Mhz: 2200, Current Mhz: 2200, Mhz Limit: 2200
Processor Information for processor 13
  Max Mhz: 2200, Current Mhz: 2200, Mhz Limit: 2200
Processor Information for processor 14
  Max Mhz: 2200, Current Mhz: 2200, Mhz Limit: 2200
Processor Information for processor 15
  Max Mhz: 2200, Current Mhz: 2200, Mhz Limit: 2200
Processor Information for processor 16
  Max Mhz: 2200, Current Mhz: 1600, Mhz Limit: 1584
Processor Information for processor 17
  Max Mhz: 2200, Current Mhz: 1600, Mhz Limit: 1584
Processor Information for processor 18
  Max Mhz: 2200, Current Mhz: 1600, Mhz Limit: 1584
Processor Information for processor 19
  Max Mhz: 2200, Current Mhz: 1600, Mhz Limit: 1584
Processor Information for processor 20
  Max Mhz: 2200, Current Mhz: 1600, Mhz Limit: 1584
Processor Information for processor 21
  Max Mhz: 2200, Current Mhz: 1600, Mhz Limit: 1584
Processor Information for processor 22
  Max Mhz: 2200, Current Mhz: 1600, Mhz Limit: 1584
Processor Information for processor 23
  Max Mhz: 2200, Current Mhz: 1600, Mhz Limit: 1584
Processor Information for processor 24
  Max Mhz: 2200, Current Mhz: 1600, Mhz Limit: 1584
Processor Information for processor 25
  Max Mhz: 2200, Current Mhz: 1600, Mhz Limit: 1584
Processor Information for processor 26
  Max Mhz: 2200, Current Mhz: 1600, Mhz Limit: 1584
Processor Information for processor 27
  Max Mhz: 2200, Current Mhz: 1600, Mhz Limit: 1584
Processor Information for processor 28
  Max Mhz: 2200, Current Mhz: 1600, Mhz Limit: 1584
Processor Information for processor 29
  Max Mhz: 2200, Current Mhz: 1600, Mhz Limit: 1584
Processor Information for processor 30
  Max Mhz: 2200, Current Mhz: 1600, Mhz Limit: 1584
Processor Information for processor 31
  Max Mhz: 2200, Current Mhz: 1600, Mhz Limit: 1584

Memory: 4k page, system-wide physical 32559M (19263M free)
TotalPageFile size 34607M (AvailPageFile size 9885M)
current process WorkingSet (physical memory assigned to process): 107M, peak: 108M
current process commit charge ("private bytes"): 279M, peak: 280M

vm_info: OpenJDK 64-Bit Server VM (21.0.9+1-b1038.76) for windows-amd64 JRE (21.0.9+1-b1038.76), built on 2025-11-17 by "builduser" with MS VC++ 16.10 / 16.11 (VS2019)

END.
